<?xml version="1.0" encoding="UTF-8"?>
<testsuite xmlns:xsi="http://www.w3.org/2001/XMLSchema-instance" xsi:noNamespaceSchemaLocation="https://maven.apache.org/surefire/maven-surefire-plugin/xsd/surefire-test-report-3.0.xsd" version="3.0" name="com.rajJavaFuncApp.FunctionTest" time="0.238" tests="1" errors="0" skipped="0" failures="0">
  <properties>
[...]
</properties>
  <testcase name="testHttpTriggerJava" classname="com.rajJavaFuncApp.FunctionTest" time="0.233">
    <system-err><![CDATA[Aug 16, 2024 11:26:19 AM com.rajJavaFuncApp.Function run
INFO: Java HTTP trigger processed a request.
]]></system-err>
  </testcase>
</testsuite>